mode: set
github.com/cho/vpa-graceful-drain-controller/pkg/controller/config.go:23.61,24.15 1 0
github.com/cho/vpa-graceful-drain-controller/pkg/controller/config.go:24.15,26.3 1 0
github.com/cho/vpa-graceful-drain-controller/pkg/controller/config.go:28.2,28.25 1 0
github.com/cho/vpa-graceful-drain-controller/pkg/controller/config.go:28.25,29.39 1 0
github.com/cho/vpa-graceful-drain-controller/pkg/controller/config.go:29.39,30.29 1 0
github.com/cho/vpa-graceful-drain-controller/pkg/controller/config.go:30.29,32.5 1 0
github.com/cho/vpa-graceful-drain-controller/pkg/controller/config.go:36.2,36.25 1 0
github.com/cho/vpa-graceful-drain-controller/pkg/controller/config.go:36.25,37.39 1 0
github.com/cho/vpa-graceful-drain-controller/pkg/controller/config.go:37.39,38.29 1 0
github.com/cho/vpa-graceful-drain-controller/pkg/controller/config.go:38.29,40.5 1 0
github.com/cho/vpa-graceful-drain-controller/pkg/controller/config.go:42.3,42.15 1 0
github.com/cho/vpa-graceful-drain-controller/pkg/controller/config.go:45.2,45.13 1 0
github.com/cho/vpa-graceful-drain-controller/pkg/controller/config.go:48.33,54.2 1 0
github.com/cho/vpa-graceful-drain-controller/pkg/controller/config.go:56.64,59.27 2 0
github.com/cho/vpa-graceful-drain-controller/pkg/controller/config.go:59.27,61.3 1 0
github.com/cho/vpa-graceful-drain-controller/pkg/controller/config.go:63.2,63.76 1 0
github.com/cho/vpa-graceful-drain-controller/pkg/controller/config.go:63.76,64.79 1 0
github.com/cho/vpa-graceful-drain-controller/pkg/controller/config.go:64.79,66.4 1 0
github.com/cho/vpa-graceful-drain-controller/pkg/controller/config.go:66.9,68.4 1 0
github.com/cho/vpa-graceful-drain-controller/pkg/controller/config.go:71.2,71.78 1 0
github.com/cho/vpa-graceful-drain-controller/pkg/controller/config.go:71.78,72.81 1 0
github.com/cho/vpa-graceful-drain-controller/pkg/controller/config.go:72.81,74.4 1 0
github.com/cho/vpa-graceful-drain-controller/pkg/controller/config.go:74.9,76.4 1 0
github.com/cho/vpa-graceful-drain-controller/pkg/controller/config.go:79.2,79.81 1 0
github.com/cho/vpa-graceful-drain-controller/pkg/controller/config.go:79.81,81.90 2 0
github.com/cho/vpa-graceful-drain-controller/pkg/controller/config.go:81.90,83.4 1 0
github.com/cho/vpa-graceful-drain-controller/pkg/controller/config.go:84.3,84.48 1 0
github.com/cho/vpa-graceful-drain-controller/pkg/controller/config.go:87.2,87.20 1 0
github.com/cho/vpa-graceful-drain-controller/pkg/controller/config.go:90.49,92.2 1 0
github.com/cho/vpa-graceful-drain-controller/pkg/controller/config.go:94.50,96.2 1 0
github.com/cho/vpa-graceful-drain-controller/pkg/controller/pod_controller.go:31.95,35.61 3 0
github.com/cho/vpa-graceful-drain-controller/pkg/controller/pod_controller.go:35.61,36.29 1 0
github.com/cho/vpa-graceful-drain-controller/pkg/controller/pod_controller.go:36.29,39.4 2 0
github.com/cho/vpa-graceful-drain-controller/pkg/controller/pod_controller.go:40.3,41.28 2 0
github.com/cho/vpa-graceful-drain-controller/pkg/controller/pod_controller.go:44.2,45.16 2 0
github.com/cho/vpa-graceful-drain-controller/pkg/controller/pod_controller.go:45.16,48.3 2 0
github.com/cho/vpa-graceful-drain-controller/pkg/controller/pod_controller.go:50.2,50.38 1 0
github.com/cho/vpa-graceful-drain-controller/pkg/controller/pod_controller.go:50.38,53.3 2 0
github.com/cho/vpa-graceful-drain-controller/pkg/controller/pod_controller.go:55.2,55.34 1 0
github.com/cho/vpa-graceful-drain-controller/pkg/controller/pod_controller.go:55.34,58.3 2 0
github.com/cho/vpa-graceful-drain-controller/pkg/controller/pod_controller.go:60.2,60.32 1 0
github.com/cho/vpa-graceful-drain-controller/pkg/controller/pod_controller.go:60.32,63.45 3 0
github.com/cho/vpa-graceful-drain-controller/pkg/controller/pod_controller.go:63.45,66.4 2 0
github.com/cho/vpa-graceful-drain-controller/pkg/controller/pod_controller.go:67.3,67.28 1 0
github.com/cho/vpa-graceful-drain-controller/pkg/controller/pod_controller.go:70.2,70.27 1 0
github.com/cho/vpa-graceful-drain-controller/pkg/controller/pod_controller.go:73.118,76.71 2 0
github.com/cho/vpa-graceful-drain-controller/pkg/controller/pod_controller.go:76.71,79.3 2 0
github.com/cho/vpa-graceful-drain-controller/pkg/controller/pod_controller.go:81.2,84.16 3 0
github.com/cho/vpa-graceful-drain-controller/pkg/controller/pod_controller.go:84.16,87.3 2 0
github.com/cho/vpa-graceful-drain-controller/pkg/controller/pod_controller.go:89.2,89.16 1 0
github.com/cho/vpa-graceful-drain-controller/pkg/controller/pod_controller.go:89.16,92.3 2 0
github.com/cho/vpa-graceful-drain-controller/pkg/controller/pod_controller.go:94.2,96.43 3 0
github.com/cho/vpa-graceful-drain-controller/pkg/controller/pod_controller.go:96.43,99.3 2 0
github.com/cho/vpa-graceful-drain-controller/pkg/controller/pod_controller.go:101.2,101.27 1 0
github.com/cho/vpa-graceful-drain-controller/pkg/controller/pod_controller.go:104.79,105.28 1 0
github.com/cho/vpa-graceful-drain-controller/pkg/controller/pod_controller.go:105.28,107.3 1 0
github.com/cho/vpa-graceful-drain-controller/pkg/controller/pod_controller.go:109.2,110.23 2 0
github.com/cho/vpa-graceful-drain-controller/pkg/controller/pod_controller.go:110.23,112.3 1 0
github.com/cho/vpa-graceful-drain-controller/pkg/controller/pod_controller.go:114.2,114.19 1 0
github.com/cho/vpa-graceful-drain-controller/pkg/controller/pod_controller.go:114.19,116.3 1 0
github.com/cho/vpa-graceful-drain-controller/pkg/controller/pod_controller.go:118.2,118.37 1 0
github.com/cho/vpa-graceful-drain-controller/pkg/controller/pod_controller.go:118.37,120.3 1 0
github.com/cho/vpa-graceful-drain-controller/pkg/controller/pod_controller.go:122.2,122.13 1 0
github.com/cho/vpa-graceful-drain-controller/pkg/controller/pod_controller.go:125.66,127.2 1 0
github.com/cho/vpa-graceful-drain-controller/pkg/controller/pod_controller.go:129.73,136.63 3 0
github.com/cho/vpa-graceful-drain-controller/pkg/controller/pod_controller.go:136.63,137.29 1 0
github.com/cho/vpa-graceful-drain-controller/pkg/controller/pod_controller.go:137.29,139.4 1 0
github.com/cho/vpa-graceful-drain-controller/pkg/controller/pod_controller.go:140.3,140.18 1 0
github.com/cho/vpa-graceful-drain-controller/pkg/controller/pod_controller.go:143.2,143.32 1 0
github.com/cho/vpa-graceful-drain-controller/pkg/controller/pod_controller.go:146.66,154.2 1 0
github.com/cho/vpa-graceful-drain-controller/pkg/finalizer/drain_handler.go:22.73,27.2 1 0
github.com/cho/vpa-graceful-drain-controller/pkg/finalizer/drain_handler.go:29.96,32.34 2 0
github.com/cho/vpa-graceful-drain-controller/pkg/finalizer/drain_handler.go:32.34,35.3 2 0
github.com/cho/vpa-graceful-drain-controller/pkg/finalizer/drain_handler.go:37.2,42.37 4 0
github.com/cho/vpa-graceful-drain-controller/pkg/finalizer/drain_handler.go:42.37,48.3 2 0
github.com/cho/vpa-graceful-drain-controller/pkg/finalizer/drain_handler.go:50.2,50.38 1 0
github.com/cho/vpa-graceful-drain-controller/pkg/finalizer/drain_handler.go:50.38,56.3 2 0
github.com/cho/vpa-graceful-drain-controller/pkg/finalizer/drain_handler.go:58.2,59.14 2 0
github.com/cho/vpa-graceful-drain-controller/pkg/finalizer/drain_handler.go:59.14,62.3 2 0
github.com/cho/vpa-graceful-drain-controller/pkg/finalizer/drain_handler.go:64.2,65.16 2 0
github.com/cho/vpa-graceful-drain-controller/pkg/finalizer/drain_handler.go:65.16,68.3 2 0
github.com/cho/vpa-graceful-drain-controller/pkg/finalizer/drain_handler.go:70.2,70.27 1 0
github.com/cho/vpa-graceful-drain-controller/pkg/finalizer/drain_handler.go:70.27,73.3 2 0
github.com/cho/vpa-graceful-drain-controller/pkg/finalizer/drain_handler.go:75.2,76.19 2 0
github.com/cho/vpa-graceful-drain-controller/pkg/finalizer/drain_handler.go:79.57,80.50 1 0
github.com/cho/vpa-graceful-drain-controller/pkg/finalizer/drain_handler.go:80.50,81.40 1 0
github.com/cho/vpa-graceful-drain-controller/pkg/finalizer/drain_handler.go:81.40,83.4 1 0
github.com/cho/vpa-graceful-drain-controller/pkg/finalizer/drain_handler.go:85.2,85.14 1 0
github.com/cho/vpa-graceful-drain-controller/pkg/finalizer/drain_handler.go:88.99,89.43 1 0
github.com/cho/vpa-graceful-drain-controller/pkg/finalizer/drain_handler.go:89.43,91.3 1 0
github.com/cho/vpa-graceful-drain-controller/pkg/finalizer/drain_handler.go:93.2,93.35 1 0
github.com/cho/vpa-graceful-drain-controller/pkg/finalizer/drain_handler.go:93.35,95.3 1 0
github.com/cho/vpa-graceful-drain-controller/pkg/finalizer/drain_handler.go:97.2,97.19 1 0
github.com/cho/vpa-graceful-drain-controller/cmd/controller/main.go:22.13,24.2 1 0
github.com/cho/vpa-graceful-drain-controller/cmd/controller/main.go:26.13,55.16 16 0
github.com/cho/vpa-graceful-drain-controller/cmd/controller/main.go:55.16,58.3 2 0
github.com/cho/vpa-graceful-drain-controller/cmd/controller/main.go:60.2,65.39 1 0
github.com/cho/vpa-graceful-drain-controller/cmd/controller/main.go:65.39,68.3 2 0
github.com/cho/vpa-graceful-drain-controller/cmd/controller/main.go:70.2,70.69 1 0
github.com/cho/vpa-graceful-drain-controller/cmd/controller/main.go:70.69,73.3 2 0
github.com/cho/vpa-graceful-drain-controller/cmd/controller/main.go:74.2,74.67 1 0
github.com/cho/vpa-graceful-drain-controller/cmd/controller/main.go:74.67,77.3 2 0
github.com/cho/vpa-graceful-drain-controller/cmd/controller/main.go:79.2,80.61 2 0
github.com/cho/vpa-graceful-drain-controller/cmd/controller/main.go:80.61,83.3 2 0
